==18759== Memcheck, a memory error detector
==18759== Copyright (C) 2002-2013, and GNU GPL'd, by Julian Seward et al.
==18759== Using Valgrind-3.10.0.SVN and LibVEX; rerun with -h for copyright info
==18759== Command: ./dataServer -p 1500 -s 10 -q 20
==18759== 
==18759== Thread 2:
==18759== Syscall param rt_sigaction(act->sa_flags) points to uninitialised byte(s)
==18759==    at 0x536144A: __libc_sigaction (sigaction.c:64)
==18759==    by 0x406EC7: workerThread(void*) (workerThread.cpp:66)
==18759==    by 0x5359181: start_thread (pthread_create.c:312)
==18759==    by 0x566A30C: clone (clone.S:111)
==18759==  Address 0x683acb8 is on thread 2's stack
==18759== 
==18759== Thread 1:
==18759== Syscall param socketcall.accept(addrlen_in) points to uninitialised byte(s)
==18759==    at 0x53606DD: ??? (syscall-template.S:81)
==18759==    by 0x402CF8: processConnection(int) (DS_Main.cpp:282)
==18759==    by 0x40246E: main (DS_Main.cpp:149)
==18759==  Address 0xffefffb54 is on thread 1's stack
==18759== 
==18759== Syscall param socketcall.accept(addrlen_out) points to uninitialised byte(s)
==18759==    at 0x53606DD: ??? (syscall-template.S:81)
==18759==    by 0x402CF8: processConnection(int) (DS_Main.cpp:282)
==18759==    by 0x40246E: main (DS_Main.cpp:149)
==18759==  Address 0xffefffb54 is on thread 1's stack
==18759== 
==18759== Thread 12:
==18759== Syscall param rt_sigaction(act->sa_flags) points to uninitialised byte(s)
==18759==    at 0x536144A: __libc_sigaction (sigaction.c:64)
==18759==    by 0x404468: connectionReaderThread(void*) (connectionReaderThread.cpp:89)
==18759==    by 0x5359181: start_thread (pthread_create.c:312)
==18759==    by 0x566A30C: clone (clone.S:111)
==18759==  Address 0xb844b28 is on thread 12's stack
==18759== 
==18759== Invalid read of size 1
==18759==    at 0x4046A5: connectionReaderThread(void*) (connectionReaderThread.cpp:113)
==18759==    by 0x5359181: start_thread (pthread_create.c:312)
==18759==    by 0x566A30C: clone (clone.S:111)
==18759==  Address 0x5c3cc00 is 16 bytes before a block of size 1 alloc'd
==18759==    at 0x4C2B800: operator new[](unsigned long) (in /usr/lib/valgrind/vgpreload_memcheck-amd64-linux.so)
==18759==    by 0x4045BF: connectionReaderThread(void*) (connectionReaderThread.cpp:104)
==18759==    by 0x5359181: start_thread (pthread_create.c:312)
==18759==    by 0x566A30C: clone (clone.S:111)
==18759== 
DEBUG:193222400: Received exit command from client.
==18759== Invalid free() / delete / delete[] / realloc()
==18759==    at 0x4C2C83C: operator delete[](void*) (in /usr/lib/valgrind/vgpreload_memcheck-amd64-linux.so)
==18759==    by 0x40473F: connectionReaderThread(void*) (connectionReaderThread.cpp:118)
==18759==    by 0x5359181: start_thread (pthread_create.c:312)
==18759==    by 0x566A30C: clone (clone.S:111)
==18759==  Address 0x5c3cc00 is 16 bytes before a block of size 1 alloc'd
==18759==    at 0x4C2B800: operator new[](unsigned long) (in /usr/lib/valgrind/vgpreload_memcheck-amd64-linux.so)
==18759==    by 0x4045BF: connectionReaderThread(void*) (connectionReaderThread.cpp:104)
==18759==    by 0x5359181: start_thread (pthread_create.c:312)
==18759==    by 0x566A30C: clone (clone.S:111)
==18759== 
^C==18759== 
==18759== HEAP SUMMARY:
==18759==     in use at exit: 3,753 bytes in 34 blocks
==18759==   total heap usage: 47 allocs, 14 frees, 4,128 bytes allocated
==18759== 
==18759== LEAK SUMMARY:
==18759==    definitely lost: 1 bytes in 1 blocks
==18759==    indirectly lost: 0 bytes in 0 blocks
==18759==      possibly lost: 3,168 bytes in 11 blocks
==18759==    still reachable: 584 bytes in 22 blocks
==18759==         suppressed: 0 bytes in 0 blocks
==18759== Rerun with --leak-check=full to see details of leaked memory
==18759== 
==18759== For counts of detected and suppressed errors, rerun with: -v
==18759== Use --track-origins=yes to see where uninitialised values come from
==18759== ERROR SUMMARY: 16 errors from 6 contexts (suppressed: 0 from 0)
Killed
